2023-02-23 21:50:48,867 INFO  [restartedMain] com.saferent.SaferentApplication:Starting SaferentApplication using Java 11.0.16.1 on DESKTOP-09BGL07 with PID 18340 (C:\Users\Bateriss\Desktop\saferent\target\classes started by Bateriss in C:\Users\Bateriss\Desktop\saferent)
2023-02-23 21:50:48,868 DEBUG [restartedMain] com.saferent.SaferentApplication:Running with Spring Boot v2.7.8, Spring v5.3.25
2023-02-23 21:50:48,868 INFO  [restartedMain] com.saferent.SaferentApplication:No active profile set, falling back to 1 default profile: "default"
2023-02-23 21:50:48,915 INFO  [restartedMain] org.springframework.boot.devtools.env.DevToolsPropertyDefaultsPostProcessor:Devtools property defaults active! Set 'spring.devtools.add-properties' to 'false' to disable
2023-02-23 21:50:48,915 INFO  [restartedMain] org.springframework.boot.devtools.env.DevToolsPropertyDefaultsPostProcessor:For additional web related logging consider setting the 'logging.level.web' property to 'DEBUG'
2023-02-23 21:50:49,754 INFO  [restartedMain] org.springframework.data.repository.config.RepositoryConfigurationDelegate:Bootstrapping Spring Data JPA repositories in DEFAULT mode.
2023-02-23 21:50:49,811 INFO  [restartedMain] org.springframework.data.repository.config.RepositoryConfigurationDelegate:Finished Spring Data repository scanning in 50 ms. Found 3 JPA repository interfaces.
2023-02-23 21:50:50,719 INFO  [restartedMain] org.springframework.boot.web.embedded.tomcat.TomcatWebServer:Tomcat initialized with port(s): 8080 (http)
2023-02-23 21:50:50,732 INFO  [restartedMain] org.apache.catalina.core.StandardService:Starting service [Tomcat]
2023-02-23 21:50:50,732 INFO  [restartedMain] org.apache.catalina.core.StandardEngine:Starting Servlet engine: [Apache Tomcat/9.0.71]
2023-02-23 21:50:50,808 INFO  [restartedMain] org.apache.catalina.core.ContainerBase.[Tomcat].[localhost].[/]:Initializing Spring embedded WebApplicationContext
2023-02-23 21:50:50,808 INFO  [restartedMain] org.springframework.boot.web.servlet.context.ServletWebServerApplicationContext:Root WebApplicationContext: initialization completed in 1892 ms
2023-02-23 21:50:51,036 INFO  [restartedMain] org.hibernate.jpa.internal.util.LogHelper:HHH000204: Processing PersistenceUnitInfo [name: default]
2023-02-23 21:50:51,090 INFO  [restartedMain] org.hibernate.Version:HHH000412: Hibernate ORM core version 5.6.14.Final
2023-02-23 21:50:51,241 INFO  [restartedMain] org.hibernate.annotations.common.Version:HCANN000001: Hibernate Commons Annotations {5.1.2.Final}
2023-02-23 21:50:51,333 INFO  [restartedMain] com.zaxxer.hikari.HikariDataSource:HikariPool-1 - Starting...
2023-02-23 21:50:51,817 INFO  [restartedMain] com.zaxxer.hikari.HikariDataSource:HikariPool-1 - Start completed.
2023-02-23 21:50:51,835 INFO  [restartedMain] org.hibernate.dialect.Dialect:HHH000400: Using dialect: org.hibernate.dialect.PostgreSQLDialect
2023-02-23 21:50:52,562 INFO  [restartedMain] org.hibernate.engine.transaction.jta.platform.internal.JtaPlatformInitiator:HHH000490: Using JtaPlatform implementation: [org.hibernate.engine.transaction.jta.platform.internal.NoJtaPlatform]
2023-02-23 21:50:52,569 INFO  [restartedMain] org.springframework.orm.jpa.LocalContainerEntityManagerFactoryBean:Initialized JPA EntityManagerFactory for persistence unit 'default'
2023-02-23 21:50:52,925 DEBUG [restartedMain] com.saferent.security.jwt.AuthTokenFilter:Filter 'authTokenFilter' configured for use
2023-02-23 21:50:53,085 INFO  [restartedMain] org.springframework.security.web.DefaultSecurityFilterChain:Will secure any request with [org.springframework.security.web.session.DisableEncodeUrlFilter@7718e221, org.springframework.security.web.context.request.async.WebAsyncManagerIntegrationFilter@6b8aa57a, org.springframework.security.web.context.SecurityContextPersistenceFilter@f69a405, org.springframework.security.web.header.HeaderWriterFilter@458c64ab, org.springframework.security.web.authentication.logout.LogoutFilter@1b633f07, com.saferent.security.jwt.AuthTokenFilter@e6fb560, org.springframework.security.web.savedrequest.RequestCacheAwareFilter@245889b7, org.springframework.security.web.servletapi.SecurityContextHolderAwareRequestFilter@59ec107a, org.springframework.security.web.authentication.AnonymousAuthenticationFilter@acf0993, org.springframework.security.web.session.SessionManagementFilter@329f75e3, org.springframework.security.web.access.ExceptionTranslationFilter@555ef65c, org.springframework.security.web.access.intercept.FilterSecurityInterceptor@11f1bfff]
2023-02-23 21:50:53,119 WARN  [restartedMain] org.springframework.boot.autoconfigure.orm.jpa.JpaBaseConfiguration$JpaWebConfiguration:spring.jpa.open-in-view is enabled by default. Therefore, database queries may be performed during view rendering. Explicitly configure spring.jpa.open-in-view to disable this warning
2023-02-23 21:50:53,535 INFO  [restartedMain] org.springframework.boot.devtools.autoconfigure.OptionalLiveReloadServer:LiveReload server is running on port 35729
2023-02-23 21:50:53,540 INFO  [restartedMain] org.springframework.boot.actuate.endpoint.web.EndpointLinksResolver:Exposing 15 endpoint(s) beneath base path '/actuator'
2023-02-23 21:50:53,583 INFO  [restartedMain] org.springframework.boot.web.embedded.tomcat.TomcatWebServer:Tomcat started on port(s): 8080 (http) with context path ''
2023-02-23 21:50:53,595 INFO  [restartedMain] com.saferent.SaferentApplication:Started SaferentApplication in 5.162 seconds (JVM running for 5.71)
2023-02-23 21:52:13,470 INFO  [http-nio-8080-exec-2] org.apache.catalina.core.ContainerBase.[Tomcat].[localhost].[/]:Initializing Spring DispatcherServlet 'dispatcherServlet'
2023-02-23 21:52:21,727 ERROR [http-nio-8080-exec-3] com.saferent.exception.SafeRentExceptionHandler:User with email: x3tyyr2q42xx@yyy.com not found
2023-02-23 21:52:21,752 WARN  [http-nio-8080-exec-3] org.springframework.web.servlet.mvc.method.annotation.ExceptionHandlerExceptionResolver:Resolved [org.springframework.security.authentication.InternalAuthenticationServiceException: User with email: x3tyyr2q42xx@yyy.com not found]
2023-02-23 22:05:53,121 INFO  [SpringApplicationShutdownHook] org.springframework.orm.jpa.LocalContainerEntityManagerFactoryBean:Closing JPA EntityManagerFactory for persistence unit 'default'
2023-02-23 22:05:53,126 INFO  [SpringApplicationShutdownHook] com.zaxxer.hikari.HikariDataSource:HikariPool-1 - Shutdown initiated...
2023-02-23 22:05:53,130 INFO  [SpringApplicationShutdownHook] com.zaxxer.hikari.HikariDataSource:HikariPool-1 - Shutdown completed.
